C:\USERS\MATH\DESKTOP\MYMFC\DEBUG\MYMFC.EXE
C:\USERS\MATH\DESKTOP\MYMFC\DEBUG\MYMFC.EXE.MANIFEST
C:\USERS\MATH\DESKTOP\MYMFC\DEBUG\MYMFC.ILK
C:\USERS\MATH\DESKTOP\MYMFC\DEBUG\MYMFC.PDB
C:\Users\math\Desktop\MyMFC\MyMFC\Debug\cl.command.1.tlog
C:\Users\math\Desktop\MyMFC\MyMFC\Debug\CL.read.1.tlog
C:\Users\math\Desktop\MyMFC\MyMFC\Debug\CL.write.1.tlog
C:\Users\math\Desktop\MyMFC\MyMFC\Debug\link.command.1.tlog
C:\Users\math\Desktop\MyMFC\MyMFC\Debug\link.read.1.tlog
C:\Users\math\Desktop\MyMFC\MyMFC\Debug\link.write.1.tlog
C:\Users\math\Desktop\MyMFC\MyMFC\Debug\link-cvtres.read.1.tlog
C:\Users\math\Desktop\MyMFC\MyMFC\Debug\link-cvtres.write.1.tlog
C:\USERS\MATH\DESKTOP\MYMFC\MYMFC\DEBUG\MAINFRM.OBJ
C:\Users\math\Desktop\MyMFC\MyMFC\Debug\mt.command.1.tlog
C:\Users\math\Desktop\MyMFC\MyMFC\Debug\mt.read.1.tlog
C:\Users\math\Desktop\MyMFC\MyMFC\Debug\mt.write.1.tlog
C:\USERS\MATH\DESKTOP\MYMFC\MYMFC\DEBUG\MYMFC.EXE.INTERMEDIATE.MANIFEST
C:\USERS\MATH\DESKTOP\MYMFC\MYMFC\DEBUG\MYMFC.OBJ
C:\USERS\MATH\DESKTOP\MYMFC\MYMFC\DEBUG\MYMFC.PCH
C:\USERS\MATH\DESKTOP\MYMFC\MYMFC\DEBUG\MYMFC.RES
C:\Users\math\Desktop\MyMFC\MyMFC\Debug\MyMFC.vcxprojResolveAssemblyReference.cache
C:\Users\math\Desktop\MyMFC\MyMFC\Debug\MyMFC.write.1.tlog
C:\USERS\MATH\DESKTOP\MYMFC\MYMFC\DEBUG\MYMFCDOC.OBJ
C:\USERS\MATH\DESKTOP\MYMFC\MYMFC\DEBUG\MYMFCVIEW.OBJ
C:\Users\math\Desktop\MyMFC\MyMFC\Debug\rc.command.1.tlog
C:\Users\math\Desktop\MyMFC\MyMFC\Debug\rc.read.1.tlog
C:\Users\math\Desktop\MyMFC\MyMFC\Debug\rc.write.1.tlog
C:\USERS\MATH\DESKTOP\MYMFC\MYMFC\DEBUG\STDAFX.OBJ
C:\Users\math\Desktop\MyMFC\MyMFC\Debug\vc100.idb
C:\USERS\MATH\DESKTOP\MYMFC\MYMFC\DEBUG\VC100.PDB
